<?xml version="1.0" encoding="UTF-8"?>
<testng-results ignored="0" total="1" passed="0" failed="1" skipped="0">
  <reporter-output>
  </reporter-output>
  <suite started-at="2025-12-11T14:12:19Z" name="Default suite" finished-at="2025-12-11T14:12:36Z" duration-ms="16018">
    <groups>
      <group name="cucumber">
        <method signature="AbstractTestNGCucumberTests.runScenario(cucumber.api.testng.PickleEventWrapper, cucumber.api.testng.CucumberFeatureWrapper)[pri:0, instance:testRunner.Runner@25df00a0]" name="runScenario" class="cucumber.api.testng.AbstractTestNGCucumberTests"/>
      </group> <!-- cucumber -->
    </groups>
    <test started-at="2025-12-11T14:12:19Z" name="Default test" finished-at="2025-12-11T14:12:36Z" duration-ms="16018">
      <class name="testRunner.Runner">
        <test-method is-config="true" signature="setUpClass()[pri:0, instance:testRunner.Runner@25df00a0]" started-at="2025-12-11T14:12:20Z" name="setUpClass" finished-at="2025-12-11T14:12:20Z" duration-ms="530" status="PASS">
          <reporter-output>
          </reporter-output>
        </test-method> <!-- setUpClass -->
        <test-method signature="runScenario(cucumber.api.testng.PickleEventWrapper, cucumber.api.testng.CucumberFeatureWrapper)[pri:0, instance:testRunner.Runner@25df00a0]" started-at="2025-12-11T14:12:20Z" name="runScenario" description="Runs Cucumber Scenarios" data-provider="scenarios" finished-at="2025-12-11T14:12:35Z" duration-ms="14979" status="FAIL">
          <params>
            <param index="0">
              <value>
                <![CDATA["Add a product to the cart"]]>
              </value>
            </param>
            <param index="1">
              <value>
                <![CDATA["Bookcart application"]]>
              </value>
            </param>
          </params>
          <exception class="java.io.FileNotFoundException">
            <message>
              <![CDATA[C:\Users\thangrs\eclipse-workspace\BDDCucumber\Datas\url.properties (The system cannot find the path specified)]]>
            </message>
            <full-stacktrace>
              <![CDATA[java.io.FileNotFoundException: C:\Users\thangrs\eclipse-workspace\BDDCucumber\Datas\url.properties (The system cannot find the path specified)
at java.base/java.io.FileInputStream.open0(Native Method)
at java.base/java.io.FileInputStream.open(FileInputStream.java:213)
at java.base/java.io.FileInputStream.<init>(FileInputStream.java:152)
at java.base/java.io.FileInputStream.<init>(FileInputStream.java:106)
at steps.AddToCart.getData(AddToCart.java:79)
at steps.AddToCart.userShouldNavigateToTheBookCartApplication(AddToCart.java:45)
at ✽.User should navigate to the book cart application(src\test\java\story\addTocart.feature:5)
]]>
            </full-stacktrace>
          </exception> <!-- java.io.FileNotFoundException -->
          <reporter-output>
          </reporter-output>
        </test-method> <!-- runScenario -->
        <test-method is-config="true" signature="tearDownClass()[pri:0, instance:testRunner.Runner@25df00a0]" started-at="2025-12-11T14:12:35Z" name="tearDownClass" finished-at="2025-12-11T14:12:36Z" duration-ms="462" status="PASS">
          <reporter-output>
          </reporter-output>
        </test-method> <!-- tearDownClass -->
      </class> <!-- testRunner.Runner -->
    </test> <!-- Default test -->
  </suite> <!-- Default suite -->
</testng-results>
