<?xml version="1.0" encoding="UTF-8"?>
<!-- Generated by org.testng.reporters.JUnitReportReporter -->
<testsuite hostname="MAA2-5CG418037F" failures="0" tests="1" name="testRunner.Runner" time="14.979" errors="1" timestamp="11 Dec 2025 14:12:36 GMT" skipped="0">
  <testcase classname="testRunner.Runner" name="runScenario" time="14.979">
    <error message="C:\Users\thangrs\eclipse-workspace\BDDCucumber\Datas\url.properties (The system cannot find the path specified)" type="java.io.FileNotFoundException">
      <![CDATA[java.io.FileNotFoundException: C:\Users\thangrs\eclipse-workspace\BDDCucumber\Datas\url.properties (The system cannot find the path specified)
at java.base/java.io.FileInputStream.open0(Native Method)
at java.base/java.io.FileInputStream.open(FileInputStream.java:213)
at java.base/java.io.FileInputStream.<init>(FileInputStream.java:152)
at java.base/java.io.FileInputStream.<init>(FileInputStream.java:106)
at steps.AddToCart.getData(AddToCart.java:79)
at steps.AddToCart.userShouldNavigateToTheBookCartApplication(AddToCart.java:45)
at ✽.User should navigate to the book cart application(src\test\java\story\addTocart.feature:5)
]]>
    </error>
  </testcase> <!-- runScenario -->
</testsuite> <!-- testRunner.Runner -->
